2025-03-11 00:14:10,411 - __main__ - INFO - Starting Continual Learning experiment
2025-03-11 00:14:10,411 - __main__ - INFO - Arguments: Namespace(method='lwf', tasks='mnist_split', model='simple_cnn', epochs=5, batch_size=64, learning_rate=0.001, lambda_ewc=5000, fisher_sample_size=200, buffer_size=500, replay_batch_size=32, temperature=2.0, alpha=1.0, seed=42, device=None, eval_freq=1, save_dir='results')
2025-03-11 00:14:10,414 - __main__ - INFO - Using device: cpu
2025-03-11 00:14:10,415 - __main__ - INFO - Task sequence: ['mnist_0_4', 'mnist_5_9']
2025-03-11 00:14:10,415 - src.data.data_loader - INFO - Loading task mnist_0_4 (dataset: mnist, classes: [0, 1, 2, 3, 4])
2025-03-11 00:14:10,483 - src.data.data_loader - INFO - Loaded task mnist_0_4 with 27537 training, 3059 validation, and 5139 test samples
2025-03-11 00:14:10,484 - src.data.data_loader - INFO - Loading task mnist_5_9 (dataset: mnist, classes: [5, 6, 7, 8, 9])
2025-03-11 00:14:10,535 - src.data.data_loader - INFO - Loaded task mnist_5_9 with 26464 training, 2940 validation, and 4861 test samples
2025-03-11 00:14:10,540 - src.models.model_factory - INFO - Created simple_cnn model with input shape torch.Size([1, 28, 28]) and 10 output classes
2025-03-11 00:14:10,541 - __main__ - INFO - Starting training on task 1/2: mnist_0_4
2025-03-11 00:17:51,424 - __main__ - INFO - After task 1, accuracy on task 1: 99.67%
2025-03-11 00:17:51,424 - __main__ - INFO - Starting training on task 2/2: mnist_5_9
2025-03-11 00:22:30,045 - __main__ - INFO - After task 2, accuracy on task 1: 0.00%
2025-03-11 00:22:45,006 - __main__ - INFO - After task 2, accuracy on task 2: 99.34%
2025-03-11 00:22:45,013 - src.methods.baseline - INFO - Model saved to C:\Users\kumar\Desktop\github\continual_learning\results\lwf_mnist_split_20250311_001410\final_model.pt
2025-03-11 00:22:45,578 - __main__ - INFO - 
Experiment summary:
2025-03-11 00:22:45,578 - __main__ - INFO - Method: lwf
2025-03-11 00:22:45,578 - __main__ - INFO - Task sequence: ['mnist_0_4', 'mnist_5_9']
2025-03-11 00:22:45,579 - __main__ - INFO - Average final accuracy: 49.67%
2025-03-11 00:22:45,579 - __main__ - INFO - Average forgetting: 49.83%
2025-03-11 00:22:45,579 - __main__ - INFO - Results saved to: C:\Users\kumar\Desktop\github\continual_learning\results\lwf_mnist_split_20250311_001410
2025-03-11 00:22:45,594 - __main__ - INFO - Experiment completed successfully
