2025-03-11 00:03:35,631 - __main__ - INFO - Starting Continual Learning experiment
2025-03-11 00:03:35,631 - __main__ - INFO - Arguments: Namespace(method='baseline', tasks='mnist_split', model='simple_cnn', epochs=5, batch_size=64, learning_rate=0.001, lambda_ewc=5000, fisher_sample_size=200, buffer_size=500, replay_batch_size=32, temperature=2.0, alpha=1.0, seed=42, device=None, eval_freq=1, save_dir='results')
2025-03-11 00:03:35,634 - __main__ - INFO - Using device: cpu
2025-03-11 00:03:35,634 - __main__ - INFO - Task sequence: ['mnist_0_4', 'mnist_5_9']
2025-03-11 00:03:35,634 - src.data.data_loader - INFO - Loading task mnist_0_4 (dataset: mnist, classes: [0, 1, 2, 3, 4])
2025-03-11 00:03:35,697 - src.data.data_loader - INFO - Loaded task mnist_0_4 with 27537 training, 3059 validation, and 5139 test samples
2025-03-11 00:03:35,698 - src.data.data_loader - INFO - Loading task mnist_5_9 (dataset: mnist, classes: [5, 6, 7, 8, 9])
2025-03-11 00:03:35,749 - src.data.data_loader - INFO - Loaded task mnist_5_9 with 26464 training, 2940 validation, and 4861 test samples
2025-03-11 00:03:35,755 - src.models.model_factory - INFO - Created simple_cnn model with input shape torch.Size([1, 28, 28]) and 10 output classes
2025-03-11 00:03:35,756 - __main__ - INFO - Starting training on task 1/2: mnist_0_4
2025-03-11 00:04:32,911 - src.methods.baseline - INFO - Task 1 - Epoch 1/5: Train Loss: 0.1474, Train Acc: 94.77%, Val Loss: 0.0358, Val Acc: 98.79%
2025-03-11 00:05:29,314 - src.methods.baseline - INFO - Task 1 - Epoch 2/5: Train Loss: 0.0251, Train Acc: 99.26%, Val Loss: 0.0307, Val Acc: 99.02%
2025-03-11 00:06:25,855 - src.methods.baseline - INFO - Task 1 - Epoch 3/5: Train Loss: 0.0152, Train Acc: 99.55%, Val Loss: 0.0241, Val Acc: 99.64%
2025-03-11 00:07:22,073 - src.methods.baseline - INFO - Task 1 - Epoch 4/5: Train Loss: 0.0118, Train Acc: 99.67%, Val Loss: 0.0301, Val Acc: 99.28%
2025-03-11 00:08:18,914 - src.methods.baseline - INFO - Task 1 - Epoch 5/5: Train Loss: 0.0099, Train Acc: 99.71%, Val Loss: 0.0186, Val Acc: 99.51%
2025-03-11 00:08:18,915 - src.methods.baseline - INFO - Loaded best model for task 1 with validation loss: 0.0186
2025-03-11 00:08:33,903 - __main__ - INFO - After task 1, accuracy on task 1: 99.81%
2025-03-11 00:08:33,904 - __main__ - INFO - Starting training on task 2/2: mnist_5_9
2025-03-11 00:09:28,940 - src.methods.baseline - INFO - Task 2 - Epoch 1/5: Train Loss: 0.4041, Train Acc: 90.08%, Val Loss: 0.0462, Val Acc: 98.33%
2025-03-11 00:10:24,280 - src.methods.baseline - INFO - Task 2 - Epoch 2/5: Train Loss: 0.0377, Train Acc: 98.87%, Val Loss: 0.0326, Val Acc: 98.88%
2025-03-11 00:11:19,652 - src.methods.baseline - INFO - Task 2 - Epoch 3/5: Train Loss: 0.0294, Train Acc: 99.04%, Val Loss: 0.0263, Val Acc: 99.39%
2025-03-11 00:12:14,864 - src.methods.baseline - INFO - Task 2 - Epoch 4/5: Train Loss: 0.0178, Train Acc: 99.44%, Val Loss: 0.0326, Val Acc: 99.18%
2025-03-11 00:13:10,415 - src.methods.baseline - INFO - Task 2 - Epoch 5/5: Train Loss: 0.0166, Train Acc: 99.49%, Val Loss: 0.0328, Val Acc: 99.15%
2025-03-11 00:13:10,416 - src.methods.baseline - INFO - Loaded best model for task 2 with validation loss: 0.0263
2025-03-11 00:13:25,385 - __main__ - INFO - After task 2, accuracy on task 1: 0.00%
2025-03-11 00:13:40,495 - __main__ - INFO - After task 2, accuracy on task 2: 99.49%
2025-03-11 00:13:40,507 - src.methods.baseline - INFO - Model saved to C:\Users\kumar\Desktop\github\continual_learning\results\baseline_mnist_split_20250311_000335\final_model.pt
2025-03-11 00:13:41,358 - __main__ - INFO - 
Experiment summary:
2025-03-11 00:13:41,358 - __main__ - INFO - Method: baseline
2025-03-11 00:13:41,359 - __main__ - INFO - Task sequence: ['mnist_0_4', 'mnist_5_9']
2025-03-11 00:13:41,359 - __main__ - INFO - Average final accuracy: 49.74%
2025-03-11 00:13:41,359 - __main__ - INFO - Average forgetting: 49.90%
2025-03-11 00:13:41,359 - __main__ - INFO - Results saved to: C:\Users\kumar\Desktop\github\continual_learning\results\baseline_mnist_split_20250311_000335
2025-03-11 00:13:41,380 - __main__ - INFO - Experiment completed successfully
